[LSP] Config loaded from: /home/apanoia/Sources/jaato/.lsp.json
[LSP]   Server 'java': command=jdtls, args=['-configuration', '${workspaceRoot}/.jdtls/config', '-data', '${workspaceRoot}/.jdtls/workspace']
[LSP]   Server 'spring-boot': command=spring-boot-language-server, args=['--stdio']
[LSP]   Server 'python': command=pylsp, args=['-v', '--log-file', '/tmp/pylsp.log']
[LSP]   Server 'typescript': command=typescript-language-server, args=['--stdio']
[LSP]   Server 'rust': command=rust-analyzer, args=[]
[LSP]   Server 'go': command=gopls, args=['serve']
[LSP]   Server 'cobol': command=cobol-language-support, args=['--stdio']
[LSP] Config loaded from: /home/apanoia/Sources/jaato/tests_enablement_2.0/test_2/.lsp.json
[LSP]   Server 'java': command=jdtls, args=['-configuration', '${workspaceRoot}/.jdtls/config', '-data', '${workspaceRoot}/.jdtls/workspace']
[LSP]   Server 'spring-boot': command=spring-boot-language-server, args=['--stdio']
[LSP]   Server 'python': command=pylsp, args=['-v', '--log-file', '/tmp/pylsp.log']
[LSP]   Server 'typescript': command=typescript-language-server, args=['--stdio']
[LSP]   Server 'rust': command=rust-analyzer, args=[]
[LSP]   Server 'go': command=gopls, args=['serve']
[LSP]   Server 'cobol': command=cobol-language-support, args=['--stdio']
[LSP] update_configuration: {
  "pylsp": {
    "plugins": {
      "jedi": {
        "extra_paths": [
          "/home/apanoia/Sources/jaato/tests_enablement_2.0/test_2/src"
        ]
      }
    }
  }
}
[LSP] ensure_workspace_indexed: directory=/home/apanoia/Sources/jaato/tests_enablement_2.0/test_2/src, extensions=['.py']
[LSP] ensure_workspace_indexed: found 1 files: ['/home/apanoia/Sources/jaato/tests_enablement_2.0/test_2/src/lib.py']
[LSP] ensure_workspace_indexed: already open: ['file:///home/apanoia/Sources/jaato/tests_enablement_2.0/test_2/src/lib.py']
[LSP] ensure_workspace_indexed: new_files: []
[LSP] ensure_workspace_indexed: directory=/home/apanoia/Sources/jaato/tests_enablement_2.0/test_2/src, extensions=['.py']
[LSP] ensure_workspace_indexed: found 1 files: ['/home/apanoia/Sources/jaato/tests_enablement_2.0/test_2/src/lib.py']
[LSP] ensure_workspace_indexed: already open: ['file:///home/apanoia/Sources/jaato/tests_enablement_2.0/test_2/src/lib.py']
[LSP] ensure_workspace_indexed: new_files: []
[LSP] ensure_workspace_indexed: directory=/home/apanoia/Sources/jaato/tests_enablement_2.0/test_2/src, extensions=['.py']
[LSP] ensure_workspace_indexed: found 2 files: ['/home/apanoia/Sources/jaato/tests_enablement_2.0/test_2/src/lib.py', '/home/apanoia/Sources/jaato/tests_enablement_2.0/test_2/src/main.py']
[LSP] ensure_workspace_indexed: already open: ['file:///home/apanoia/Sources/jaato/tests_enablement_2.0/test_2/src/lib.py', 'file:///home/apanoia/Sources/jaato/tests_enablement_2.0/test_2/src/main.py']
[LSP] ensure_workspace_indexed: new_files: []
[LSP] ensure_workspace_indexed: directory=/home/apanoia/Sources/jaato/tests_enablement_2.0/test_2/src, extensions=['.py']
[LSP] ensure_workspace_indexed: found 2 files: ['/home/apanoia/Sources/jaato/tests_enablement_2.0/test_2/src/lib.py', '/home/apanoia/Sources/jaato/tests_enablement_2.0/test_2/src/main.py']
[LSP] ensure_workspace_indexed: already open: ['file:///home/apanoia/Sources/jaato/tests_enablement_2.0/test_2/src/lib.py', 'file:///home/apanoia/Sources/jaato/tests_enablement_2.0/test_2/src/main.py']
[LSP] ensure_workspace_indexed: new_files: []
[LSP] ensure_workspace_indexed: directory=/home/apanoia/Sources/jaato/tests_enablement_2.0/test_2/src, extensions=['.py']
[LSP] ensure_workspace_indexed: found 2 files: ['/home/apanoia/Sources/jaato/tests_enablement_2.0/test_2/src/lib.py', '/home/apanoia/Sources/jaato/tests_enablement_2.0/test_2/src/main.py']
[LSP] ensure_workspace_indexed: already open: ['file:///home/apanoia/Sources/jaato/tests_enablement_2.0/test_2/src/lib.py', 'file:///home/apanoia/Sources/jaato/tests_enablement_2.0/test_2/src/main.py']
[LSP] ensure_workspace_indexed: new_files: []
[LSP] ensure_workspace_indexed: directory=/home/apanoia/Sources/jaato/tests_enablement_2.0/test_2/src, extensions=['.py']
[LSP] ensure_workspace_indexed: found 2 files: ['/home/apanoia/Sources/jaato/tests_enablement_2.0/test_2/src/lib.py', '/home/apanoia/Sources/jaato/tests_enablement_2.0/test_2/src/main.py']
[LSP] ensure_workspace_indexed: already open: ['file:///home/apanoia/Sources/jaato/tests_enablement_2.0/test_2/src/lib.py', 'file:///home/apanoia/Sources/jaato/tests_enablement_2.0/test_2/src/main.py']
[LSP] ensure_workspace_indexed: new_files: []
