2026-01-01 19:44:50,010 CET - INFO - pylsp.python_lsp - Starting PythonLSPServer IO language server
2026-01-01 19:44:50,069 CET - INFO - pylsp.config.config - Failed to load pylsp entry point 'autopep8': No module named 'autopep8'
2026-01-01 19:44:50,110 CET - INFO - pylsp.config.config - Failed to load pylsp entry point 'pydocstyle': No module named 'pydocstyle'
2026-01-01 19:44:50,112 CET - INFO - pylsp.config.config - Failed to load pylsp entry point 'rope_autoimport': No module named 'rope'
2026-01-01 19:44:50,113 CET - INFO - pylsp.config.config - Failed to load pylsp entry point 'rope_completion': No module named 'rope'
2026-01-01 19:44:50,114 CET - INFO - pylsp.config.config - Failed to load pylsp entry point 'rope_rename': No module named 'rope'
2026-01-01 19:44:50,114 CET - INFO - pylsp.config.config - Failed to load pylsp entry point 'yapf': No module named 'whatthepatch'
2026-01-01 19:44:50,140 CET - INFO - pylsp.config.config - Loaded pylsp plugin flake8 from <module 'pylsp.plugins.flake8_lint' from '/usr/lib/python3/dist-packages/pylsp/plugins/flake8_lint.py'>
2026-01-01 19:44:50,141 CET - INFO - pylsp.config.config - Loaded pylsp plugin folding from <module 'pylsp.plugins.folding' from '/usr/lib/python3/dist-packages/pylsp/plugins/folding.py'>
2026-01-01 19:44:50,141 CET - INFO - pylsp.config.config - Loaded pylsp plugin jedi_completion from <module 'pylsp.plugins.jedi_completion' from '/usr/lib/python3/dist-packages/pylsp/plugins/jedi_completion.py'>
2026-01-01 19:44:50,141 CET - INFO - pylsp.config.config - Loaded pylsp plugin jedi_definition from <module 'pylsp.plugins.definition' from '/usr/lib/python3/dist-packages/pylsp/plugins/definition.py'>
2026-01-01 19:44:50,141 CET - INFO - pylsp.config.config - Loaded pylsp plugin jedi_highlight from <module 'pylsp.plugins.highlight' from '/usr/lib/python3/dist-packages/pylsp/plugins/highlight.py'>
2026-01-01 19:44:50,141 CET - INFO - pylsp.config.config - Loaded pylsp plugin jedi_hover from <module 'pylsp.plugins.hover' from '/usr/lib/python3/dist-packages/pylsp/plugins/hover.py'>
2026-01-01 19:44:50,142 CET - INFO - pylsp.config.config - Loaded pylsp plugin jedi_references from <module 'pylsp.plugins.references' from '/usr/lib/python3/dist-packages/pylsp/plugins/references.py'>
2026-01-01 19:44:50,142 CET - INFO - pylsp.config.config - Loaded pylsp plugin jedi_rename from <module 'pylsp.plugins.jedi_rename' from '/usr/lib/python3/dist-packages/pylsp/plugins/jedi_rename.py'>
2026-01-01 19:44:50,142 CET - INFO - pylsp.config.config - Loaded pylsp plugin jedi_signature_help from <module 'pylsp.plugins.signature' from '/usr/lib/python3/dist-packages/pylsp/plugins/signature.py'>
2026-01-01 19:44:50,142 CET - INFO - pylsp.config.config - Loaded pylsp plugin jedi_symbols from <module 'pylsp.plugins.symbols' from '/usr/lib/python3/dist-packages/pylsp/plugins/symbols.py'>
2026-01-01 19:44:50,142 CET - INFO - pylsp.config.config - Loaded pylsp plugin mccabe from <module 'pylsp.plugins.mccabe_lint' from '/usr/lib/python3/dist-packages/pylsp/plugins/mccabe_lint.py'>
2026-01-01 19:44:50,142 CET - INFO - pylsp.config.config - Loaded pylsp plugin preload from <module 'pylsp.plugins.preload_imports' from '/usr/lib/python3/dist-packages/pylsp/plugins/preload_imports.py'>
2026-01-01 19:44:50,142 CET - INFO - pylsp.config.config - Loaded pylsp plugin pycodestyle from <module 'pylsp.plugins.pycodestyle_lint' from '/usr/lib/python3/dist-packages/pylsp/plugins/pycodestyle_lint.py'>
2026-01-01 19:44:50,142 CET - INFO - pylsp.config.config - Loaded pylsp plugin pyflakes from <module 'pylsp.plugins.pyflakes_lint' from '/usr/lib/python3/dist-packages/pylsp/plugins/pyflakes_lint.py'>
2026-01-01 19:44:50,142 CET - INFO - pylsp.config.config - Loaded pylsp plugin pylint from <module 'pylsp.plugins.pylint_lint' from '/usr/lib/python3/dist-packages/pylsp/plugins/pylint_lint.py'>
2026-01-01 19:44:50,143 CET - INFO - pylsp.config.config - Disabled plugins: [<module 'pylsp.plugins.flake8_lint' from '/usr/lib/python3/dist-packages/pylsp/plugins/flake8_lint.py'>, <module 'pylsp.plugins.pylint_lint' from '/usr/lib/python3/dist-packages/pylsp/plugins/pylint_lint.py'>]
2026-01-01 19:44:50,149 CET - INFO - pylsp.python_lsp - Server capabilities: {'codeActionProvider': True, 'codeLensProvider': {'resolveProvider': False}, 'completionProvider': {'resolveProvider': True, 'triggerCharacters': ['.']}, 'documentFormattingProvider': True, 'documentHighlightProvider': True, 'documentRangeFormattingProvider': True, 'documentSymbolProvider': True, 'definitionProvider': True, 'executeCommandProvider': {'commands': []}, 'hoverProvider': True, 'referencesProvider': True, 'renameProvider': True, 'foldingRangeProvider': True, 'signatureHelpProvider': {'triggerCharacters': ['(', ',', '=']}, 'textDocumentSync': {'change': 2, 'save': {'includeText': True}, 'openClose': True}, 'notebookDocumentSync': {'notebookSelector': [{'cells': [{'language': 'python'}]}]}, 'workspace': {'workspaceFolders': {'supported': True, 'changeNotifications': True}}, 'experimental': {}}
2026-01-01 19:45:37,444 CET - INFO - pylsp.config.config - Updated settings to {'plugins': {'jedi': {'extra_paths': ['/home/apanoia/Sources/jaato/tests_enablement_2.0/test_2/src']}}}
2026-01-01 19:45:37,445 CET - INFO - pylsp.config.config - Disabled plugins: [<module 'pylsp.plugins.flake8_lint' from '/usr/lib/python3/dist-packages/pylsp/plugins/flake8_lint.py'>, <module 'pylsp.plugins.pylint_lint' from '/usr/lib/python3/dist-packages/pylsp/plugins/pylint_lint.py'>]
2026-01-01 19:45:37,445 CET - INFO - pylsp.config.config - Updated settings to {'plugins': {'jedi': {'extra_paths': ['/home/apanoia/Sources/jaato/tests_enablement_2.0/test_2/src']}}}
2026-01-01 19:45:37,446 CET - INFO - pylsp.config.config - Disabled plugins: [<module 'pylsp.plugins.flake8_lint' from '/usr/lib/python3/dist-packages/pylsp/plugins/flake8_lint.py'>, <module 'pylsp.plugins.pylint_lint' from '/usr/lib/python3/dist-packages/pylsp/plugins/pylint_lint.py'>]
